This file contains any messages produced by compilers while
running configure, to aid debugging if configure makes a mistake.

It was created by configure, which was
generated by GNU Autoconf 2.61.  Invocation command line was

  $ /Users/pcalcado/soundcloud/extraction-unit/bananiser/lib/hadoop/src/native/configure CPPFLAGS=-I/usr/local/include LDFLAGS=-L/usr/local/lib

## --------- ##
## Platform. ##
## --------- ##

hostname = ziege.local
uname -m = x86_64
uname -r = 11.3.0
uname -s = Darwin
uname -v = Darwin Kernel Version 11.3.0: Thu Jan 12 18:47:41 PST 2012; root:xnu-1699.24.23~1/RELEASE_X86_64

/usr/bin/uname -p = i386
/bin/uname -X     = unknown

/bin/arch              = unknown
/usr/bin/arch -k       = unknown
/usr/convex/getsysinfo = unknown
/usr/bin/hostinfo      = Mach kernel version:
	 Darwin Kernel Version 11.3.0: Thu Jan 12 18:47:41 PST 2012; root:xnu-1699.24.23~1/RELEASE_X86_64
Kernel configured for up to 4 processors.
2 processors are physically available.
4 processors are logically available.
Processor type: i486 (Intel 80486)
Processors active: 0 1 2 3
Primary memory available: 4.00 gigabytes
Default processor set: 193 tasks, 1053 threads, 4 processors
Load average: 3.03, Mach factor: 1.44
/bin/machine           = unknown
/usr/bin/oslevel       = unknown
/bin/universe          = unknown

PATH: /Users/pcalcado/.rvm/gems/ruby-1.9.3-rc1@verify/bin
PATH: /Users/pcalcado/.rvm/gems/ruby-1.9.3-rc1@global/bin
PATH: /Users/pcalcado/.rvm/rubies/ruby-1.9.3-rc1/bin
PATH: /Users/pcalcado/.rvm/bin
PATH: /Users/pcalcado/bin
PATH: /opt/local/bin
PATH: /opt/local/sbin
PATH: /usr/local/bin
PATH: /usr/local/sbin
PATH: /usr/local/sbin/
PATH: /usr/bin
PATH: /bin
PATH: /usr/sbin
PATH: /sbin
PATH: /usr/X11/bin
PATH: /Users/pcalcado/.cabal/bin
PATH: /Users/pcalcado/emacs/swank-clojure/src/main/clojure
PATH: /Users/pcalcado/.gem/ruby/1.8/bin
PATH: /usr/local/Cellar/python/2.7/bin
PATH: /Developer/usr/bin/


## ----------- ##
## Core tests. ##
## ----------- ##

configure:1840: checking for a BSD-compatible install
configure:1896: result: /usr/bin/install -c
configure:1907: checking whether build environment is sane
configure:1950: result: yes
configure:1978: checking for a thread-safe mkdir -p
configure:2017: result: /Users/pcalcado/soundcloud/extraction-unit/bananiser/lib/hadoop/src/native/config/install-sh -c -d
configure:2030: checking for gawk
configure:2060: result: no
configure:2030: checking for mawk
configure:2060: result: no
configure:2030: checking for nawk
configure:2060: result: no
configure:2030: checking for awk
configure:2046: found /usr/bin/awk
configure:2057: result: awk
configure:2068: checking whether make sets $(MAKE)
configure:2089: result: yes
configure:2281: checking whether to enable maintainer-specific portions of Makefiles
configure:2290: result: no
configure:2353: checking for gcc
configure:2369: found /usr/bin/gcc
configure:2380: result: gcc
configure:2618: checking for C compiler version
configure:2625: gcc --version >&5
i686-apple-darwin11-llvm-gcc-4.2 (GCC) 4.2.1 (Based on Apple Inc. build 5658) (LLVM build 2335.15.00)
Copyright (C) 2007 Free Software Foundation, Inc.
This is free software; see the source for copying conditions.  There is NO
warranty; not even for MERCHANTABILITY or FITNESS FOR A PARTICULAR PURPOSE.

configure:2628: $? = 0
configure:2635: gcc -v >&5
Using built-in specs.
Target: i686-apple-darwin11
Configured with: /private/var/tmp/llvmgcc42/llvmgcc42-2335.15~25/src/configure --disable-checking --enable-werror --prefix=/Developer/usr/llvm-gcc-4.2 --mandir=/share/man --enable-languages=c,objc,c++,obj-c++ --program-prefix=llvm- --program-transform-name=/^[cg][^.-]*$/s/$/-4.2/ --with-slibdir=/usr/lib --build=i686-apple-darwin11 --enable-llvm=/private/var/tmp/llvmgcc42/llvmgcc42-2335.15~25/dst-llvmCore/Developer/usr/local --program-prefix=i686-apple-darwin11- --host=x86_64-apple-darwin11 --target=i686-apple-darwin11 --with-gxx-include-dir=/usr/include/c++/4.2.1
Thread model: posix
gcc version 4.2.1 (Based on Apple Inc. build 5658) (LLVM build 2335.15.00)
configure:2638: $? = 0
configure:2645: gcc -V >&5
llvm-gcc-4.2: argument to `-V' is missing
configure:2648: $? = 1
configure:2671: checking for C compiler default output file name
configure:2698: gcc  -I/usr/local/include -L/usr/local/lib conftest.c  >&5
configure:2701: $? = 0
configure:2739: result: a.out
configure:2756: checking whether the C compiler works
configure:2766: ./a.out
configure:2769: $? = 0
configure:2786: result: yes
configure:2793: checking whether we are cross compiling
configure:2795: result: no
configure:2798: checking for suffix of executables
configure:2805: gcc -o conftest  -I/usr/local/include -L/usr/local/lib conftest.c  >&5
configure:2808: $? = 0
configure:2832: result: 
configure:2838: checking for suffix of object files
configure:2864: gcc -c  -I/usr/local/include conftest.c >&5
configure:2867: $? = 0
configure:2890: result: o
configure:2894: checking whether we are using the GNU C compiler
configure:2923: gcc -c  -I/usr/local/include conftest.c >&5
configure:2929: $? = 0
configure:2946: result: yes
configure:2951: checking whether gcc accepts -g
configure:2981: gcc -c -g -I/usr/local/include conftest.c >&5
configure:2987: $? = 0
configure:3086: result: yes
configure:3103: checking for gcc option to accept ISO C89
configure:3177: gcc  -c -g -O2 -I/usr/local/include conftest.c >&5
configure:3183: $? = 0
configure:3206: result: none needed
configure:3235: checking for style of include used by make
configure:3263: result: GNU
configure:3288: checking dependency style of gcc
configure:3379: result: gcc3
configure:3425: checking build system type
configure:3443: result: i386-apple-darwin11.3.0
configure:3465: checking host system type
configure:3480: result: i386-apple-darwin11.3.0
configure:3523: checking how to print strings
configure:3550: result: printf
configure:3571: checking for a sed that does not truncate output
configure:3650: result: /usr/bin/sed
configure:3668: checking for grep that handles long lines and -e
configure:3742: result: /usr/bin/grep
configure:3747: checking for egrep
configure:3825: result: /usr/bin/grep -E
configure:3830: checking for fgrep
configure:3908: result: /usr/bin/grep -F
configure:3943: checking for ld used by gcc
configure:4010: result: /usr/llvm-gcc-4.2/libexec/gcc/i686-apple-darwin11/4.2.1/ld
configure:4019: checking if the linker (/usr/llvm-gcc-4.2/libexec/gcc/i686-apple-darwin11/4.2.1/ld) is GNU ld
configure:4034: result: no
configure:4046: checking for BSD- or MS-compatible name lister (nm)
configure:4095: result: /usr/bin/nm
configure:4229: checking the name lister (/usr/bin/nm) interface
configure:4236: gcc -c -g -O2 -I/usr/local/include conftest.c >&5
configure:4239: /usr/bin/nm "conftest.o"
configure:4242: output
000000000000020c S _some_variable
configure:4249: result: BSD nm
configure:4252: checking whether ln -s works
configure:4256: result: yes
configure:4264: checking the maximum length of command line arguments
configure:4389: result: 196608
configure:4406: checking whether the shell understands some XSI constructs
configure:4416: result: yes
configure:4420: checking whether the shell understands "+="
configure:4426: result: yes
configure:4461: checking for /usr/llvm-gcc-4.2/libexec/gcc/i686-apple-darwin11/4.2.1/ld option to reload object files
configure:4468: result: -r
configure:4537: checking for objdump
configure:4567: result: no
configure:4600: checking how to recognize dependent libraries
configure:4802: result: pass_all
configure:4862: checking for ar
configure:4878: found /usr/bin/ar
configure:4889: result: ar
configure:4971: checking for strip
configure:4987: found /usr/bin/strip
configure:4998: result: strip
configure:5074: checking for ranlib
configure:5090: found /usr/bin/ranlib
configure:5101: result: ranlib
configure:5207: checking command to parse /usr/bin/nm output from gcc object
configure:5325: gcc -c -g -O2 -I/usr/local/include conftest.c >&5
configure:5328: $? = 0
configure:5332: /usr/bin/nm conftest.o \| sed -n -e 's/^.*[ ]\([BCDEGRST][BCDEGRST]*\)[ ][ ]*\([_A-Za-z][_A-Za-z0-9]*\)$/\1 \2 \2/p' \> conftest.nm
configure:5335: $? = 0
cannot find nm_test_var in conftest.nm
configure:5325: gcc -c -g -O2 -I/usr/local/include conftest.c >&5
configure:5328: $? = 0
configure:5332: /usr/bin/nm conftest.o \| sed -n -e 's/^.*[ ]\([BCDEGRST][BCDEGRST]*\)[ ][ ]*_\([_A-Za-z][_A-Za-z0-9]*\)$/\1 _\2 \2/p' \> conftest.nm
configure:5335: $? = 0
configure:5389: gcc -o conftest -g -O2 -I/usr/local/include -L/usr/local/lib conftest.c conftstm.o >&5
configure:5392: $? = 0
configure:5430: result: ok
configure:5720: checking for dsymutil
configure:5736: found /usr/bin/dsymutil
configure:5747: result: dsymutil
configure:5816: checking for nmedit
configure:5832: found /usr/bin/nmedit
configure:5843: result: nmedit
configure:5912: checking for lipo
configure:5928: found /usr/bin/lipo
configure:5939: result: lipo
configure:6008: checking for otool
configure:6024: found /usr/bin/otool
configure:6035: result: otool
configure:6104: checking for otool64
configure:6134: result: no
configure:6183: checking for -single_module linker flag
gcc -g -O2 -L/usr/local/lib -o libconftest.dylib -dynamiclib -Wl,-single_module conftest.c
configure:6210: result: yes
configure:6212: checking for -exported_symbols_list linker flag
configure:6242: gcc -o conftest -g -O2 -I/usr/local/include -L/usr/local/lib -Wl,-exported_symbols_list,conftest.sym conftest.c  >&5
configure:6248: $? = 0
configure:6267: result: yes
configure:6269: checking for -force_load linker flag
gcc -g -O2 -c -o conftest.o conftest.c
ar cru libconftest.a conftest.o
ranlib libconftest.a
gcc -g -O2 -L/usr/local/lib -o conftest conftest.c -Wl,-force_load,./libconftest.a
configure:6299: result: yes
configure:6341: checking how to run the C preprocessor
configure:6381: gcc -E -I/usr/local/include conftest.c
configure:6387: $? = 0
configure:6418: gcc -E -I/usr/local/include conftest.c
conftest.c:11:28: error: ac_nonexistent.h: No such file or directory
configure:6424: $? = 1
configure: failed program was:
| /* confdefs.h.  */
| #define PACKAGE_NAME ""
| #define PACKAGE_TARNAME ""
| #define PACKAGE_VERSION ""
| #define PACKAGE_STRING ""
| #define PACKAGE_BUGREPORT ""
| #define _GNU_SOURCE 1
| #define PACKAGE "hadoop"
| #define VERSION "1.0.0"
| /* end confdefs.h.  */
| #include <ac_nonexistent.h>
configure:6457: result: gcc -E
configure:6486: gcc -E -I/usr/local/include conftest.c
configure:6492: $? = 0
configure:6523: gcc -E -I/usr/local/include conftest.c
conftest.c:11:28: error: ac_nonexistent.h: No such file or directory
configure:6529: $? = 1
configure: failed program was:
| /* confdefs.h.  */
| #define PACKAGE_NAME ""
| #define PACKAGE_TARNAME ""
| #define PACKAGE_VERSION ""
| #define PACKAGE_STRING ""
| #define PACKAGE_BUGREPORT ""
| #define _GNU_SOURCE 1
| #define PACKAGE "hadoop"
| #define VERSION "1.0.0"
| /* end confdefs.h.  */
| #include <ac_nonexistent.h>
configure:6567: checking for ANSI C header files
configure:6597: gcc -c -g -O2 -I/usr/local/include conftest.c >&5
configure:6603: $? = 0
configure:6702: gcc -o conftest -g -O2 -I/usr/local/include -L/usr/local/lib conftest.c  >&5
configure:6705: $? = 0
configure:6711: ./conftest
configure:6714: $? = 0
configure:6731: result: yes
configure:6755: checking for sys/types.h
configure:6776: gcc -c -g -O2 -I/usr/local/include conftest.c >&5
configure:6782: $? = 0
configure:6798: result: yes
configure:6755: checking for sys/stat.h
configure:6776: gcc -c -g -O2 -I/usr/local/include conftest.c >&5
configure:6782: $? = 0
configure:6798: result: yes
configure:6755: checking for stdlib.h
configure:6776: gcc -c -g -O2 -I/usr/local/include conftest.c >&5
configure:6782: $? = 0
configure:6798: result: yes
configure:6755: checking for string.h
configure:6776: gcc -c -g -O2 -I/usr/local/include conftest.c >&5
configure:6782: $? = 0
configure:6798: result: yes
configure:6755: checking for memory.h
configure:6776: gcc -c -g -O2 -I/usr/local/include conftest.c >&5
configure:6782: $? = 0
configure:6798: result: yes
configure:6755: checking for strings.h
configure:6776: gcc -c -g -O2 -I/usr/local/include conftest.c >&5
configure:6782: $? = 0
configure:6798: result: yes
configure:6755: checking for inttypes.h
configure:6776: gcc -c -g -O2 -I/usr/local/include conftest.c >&5
configure:6782: $? = 0
configure:6798: result: yes
configure:6755: checking for stdint.h
configure:6776: gcc -c -g -O2 -I/usr/local/include conftest.c >&5
configure:6782: $? = 0
configure:6798: result: yes
configure:6755: checking for unistd.h
configure:6776: gcc -c -g -O2 -I/usr/local/include conftest.c >&5
configure:6782: $? = 0
configure:6798: result: yes
configure:6814: checking for dlfcn.h
configure:6835: gcc -c -g -O2 -I/usr/local/include conftest.c >&5
configure:6841: $? = 0
configure:6857: result: yes
configure:7044: checking for objdir
configure:7059: result: .libs
configure:7330: checking if gcc supports -fno-rtti -fno-exceptions
configure:7348: gcc -c -g -O2 -I/usr/local/include -fno-rtti -fno-exceptions conftest.c >&5
cc1: warning: command line option "-fno-rtti" is valid for C++/ObjC++ but not for C
configure:7352: $? = 0
configure:7365: result: no
configure:7385: checking for gcc option to produce PIC
configure:7670: result: -fno-common -DPIC
configure:7682: checking if gcc PIC flag -fno-common -DPIC works
configure:7700: gcc -c -g -O2 -I/usr/local/include -fno-common -DPIC -DPIC conftest.c >&5
configure:7704: $? = 0
configure:7717: result: yes
configure:7741: checking if gcc static flag -static works
configure:7769: result: no
configure:7784: checking if gcc supports -c -o file.o
configure:7805: gcc -c -g -O2 -I/usr/local/include -o out/conftest2.o conftest.c >&5
configure:7809: $? = 0
configure:7831: result: yes
configure:7839: checking if gcc supports -c -o file.o
configure:7886: result: yes
configure:7919: checking whether the gcc linker (/usr/llvm-gcc-4.2/libexec/gcc/i686-apple-darwin11/4.2.1/ld) supports shared libraries
configure:9070: result: yes
configure:9315: checking dynamic linker characteristics
configure:10020: result: darwin11.3.0 dyld
configure:10127: checking how to hardcode library paths into programs
configure:10152: result: immediate
configure:10977: checking whether stripping libraries is possible
configure:10991: result: yes
configure:11017: checking if libtool supports shared libraries
configure:11019: result: yes
configure:11022: checking whether to build shared libraries
configure:11043: result: yes
configure:11046: checking whether to build static libraries
configure:11050: result: yes
configure:11088: checking for dlopen in -ldl
configure:11123: gcc -o conftest -g -O2 -I/usr/local/include -L/usr/local/lib conftest.c -ldl   >&5
configure:11129: $? = 0
configure:11147: result: yes
configure:11166: checking for JNI_GetCreatedJavaVMs in -ljvm
configure:11201: gcc -o conftest -g -O2 -I/usr/local/include -L/usr/local/lib -L/System/Library/Java/JavaVirtualMachines/1.6.0.jdk/Contents/Home/jre/lib/x86_64/server conftest.c -ljvm  -ldl  >&5
ld: warning: directory not found for option '-L/System/Library/Java/JavaVirtualMachines/1.6.0.jdk/Contents/Home/jre/lib/x86_64/server'
ld: library not found for -ljvm
collect2: ld returned 1 exit status
configure:11207: $? = 1
configure: failed program was:
| /* confdefs.h.  */
| #define PACKAGE_NAME ""
| #define PACKAGE_TARNAME ""
| #define PACKAGE_VERSION ""
| #define PACKAGE_STRING ""
| #define PACKAGE_BUGREPORT ""
| #define _GNU_SOURCE 1
| #define PACKAGE "hadoop"
| #define VERSION "1.0.0"
| #define STDC_HEADERS 1
| #define HAVE_SYS_TYPES_H 1
| #define HAVE_SYS_STAT_H 1
| #define HAVE_STDLIB_H 1
| #define HAVE_STRING_H 1
| #define HAVE_MEMORY_H 1
| #define HAVE_STRINGS_H 1
| #define HAVE_INTTYPES_H 1
| #define HAVE_STDINT_H 1
| #define HAVE_UNISTD_H 1
| #define HAVE_DLFCN_H 1
| #define LT_OBJDIR ".libs/"
| #define HAVE_LIBDL 1
| /* end confdefs.h.  */
| 
| /* Override any GCC internal prototype to avoid an error.
|    Use char because int might match the return type of a GCC
|    builtin and then its argument prototype would still apply.  */
| #ifdef __cplusplus
| extern "C"
| #endif
| char JNI_GetCreatedJavaVMs ();
| int
| main ()
| {
| return JNI_GetCreatedJavaVMs ();
|   ;
|   return 0;
| }
configure:11225: result: no
configure:11239: checking for ANSI C header files
configure:11403: result: yes
configure:11430: checking stdio.h usability
configure:11447: gcc -c -g -O2 -I/usr/local/include conftest.c >&5
configure:11453: $? = 0
configure:11467: result: yes
configure:11471: checking stdio.h presence
configure:11486: gcc -E -I/usr/local/include conftest.c
configure:11492: $? = 0
configure:11506: result: yes
configure:11534: checking for stdio.h
configure:11542: result: yes
configure:11430: checking stddef.h usability
configure:11447: gcc -c -g -O2 -I/usr/local/include conftest.c >&5
configure:11453: $? = 0
configure:11467: result: yes
configure:11471: checking stddef.h presence
configure:11486: gcc -E -I/usr/local/include conftest.c
configure:11492: $? = 0
configure:11506: result: yes
configure:11534: checking for stddef.h
configure:11542: result: yes
configure:11585: checking jni.h usability
configure:11602: gcc -c -g -O2 -I/usr/local/include  conftest.c >&5
conftest.c:60:17: error: jni.h: No such file or directory
configure:11608: $? = 1
configure: failed program was:
| /* confdefs.h.  */
| #define PACKAGE_NAME ""
| #define PACKAGE_TARNAME ""
| #define PACKAGE_VERSION ""
| #define PACKAGE_STRING ""
| #define PACKAGE_BUGREPORT ""
| #define _GNU_SOURCE 1
| #define PACKAGE "hadoop"
| #define VERSION "1.0.0"
| #define STDC_HEADERS 1
| #define HAVE_SYS_TYPES_H 1
| #define HAVE_SYS_STAT_H 1
| #define HAVE_STDLIB_H 1
| #define HAVE_STRING_H 1
| #define HAVE_MEMORY_H 1
| #define HAVE_STRINGS_H 1
| #define HAVE_INTTYPES_H 1
| #define HAVE_STDINT_H 1
| #define HAVE_UNISTD_H 1
| #define HAVE_DLFCN_H 1
| #define LT_OBJDIR ".libs/"
| #define HAVE_LIBDL 1
| #define STDC_HEADERS 1
| #define HAVE_STDIO_H 1
| #define HAVE_STDDEF_H 1
| /* end confdefs.h.  */
| #include <stdio.h>
| #ifdef HAVE_SYS_TYPES_H
| # include <sys/types.h>
| #endif
| #ifdef HAVE_SYS_STAT_H
| # include <sys/stat.h>
| #endif
| #ifdef STDC_HEADERS
| # include <stdlib.h>
| # include <stddef.h>
| #else
| # ifdef HAVE_STDLIB_H
| #  include <stdlib.h>
| # endif
| #endif
| #ifdef HAVE_STRING_H
| # if !defined STDC_HEADERS && defined HAVE_MEMORY_H
| #  include <memory.h>
| # endif
| # include <string.h>
| #endif
| #ifdef HAVE_STRINGS_H
| # include <strings.h>
| #endif
| #ifdef HAVE_INTTYPES_H
| # include <inttypes.h>
| #endif
| #ifdef HAVE_STDINT_H
| # include <stdint.h>
| #endif
| #ifdef HAVE_UNISTD_H
| # include <unistd.h>
| #endif
| #include <jni.h>
configure:11622: result: no
configure:11626: checking jni.h presence
configure:11641: gcc -E -I/usr/local/include  conftest.c
conftest.c:27:17: error: jni.h: No such file or directory
configure:11647: $? = 1
configure: failed program was:
| /* confdefs.h.  */
| #define PACKAGE_NAME ""
| #define PACKAGE_TARNAME ""
| #define PACKAGE_VERSION ""
| #define PACKAGE_STRING ""
| #define PACKAGE_BUGREPORT ""
| #define _GNU_SOURCE 1
| #define PACKAGE "hadoop"
| #define VERSION "1.0.0"
| #define STDC_HEADERS 1
| #define HAVE_SYS_TYPES_H 1
| #define HAVE_SYS_STAT_H 1
| #define HAVE_STDLIB_H 1
| #define HAVE_STRING_H 1
| #define HAVE_MEMORY_H 1
| #define HAVE_STRINGS_H 1
| #define HAVE_INTTYPES_H 1
| #define HAVE_STDINT_H 1
| #define HAVE_UNISTD_H 1
| #define HAVE_DLFCN_H 1
| #define LT_OBJDIR ".libs/"
| #define HAVE_LIBDL 1
| #define STDC_HEADERS 1
| #define HAVE_STDIO_H 1
| #define HAVE_STDDEF_H 1
| /* end confdefs.h.  */
| #include <jni.h>
configure:11661: result: no
configure:11689: checking for jni.h
configure:11697: result: no
configure:11707: error: Native java headers not found. Is $JAVA_HOME set correctly?

## ---------------- ##
## Cache variables. ##
## ---------------- ##

ac_cv_build=i386-apple-darwin11.3.0
ac_cv_c_compiler_gnu=yes
ac_cv_env_CC_set=
ac_cv_env_CC_value=
ac_cv_env_CFLAGS_set=
ac_cv_env_CFLAGS_value=
ac_cv_env_CPPFLAGS_set=set
ac_cv_env_CPPFLAGS_value=-I/usr/local/include
ac_cv_env_CPP_set=
ac_cv_env_CPP_value=
ac_cv_env_LDFLAGS_set=set
ac_cv_env_LDFLAGS_value=-L/usr/local/lib
ac_cv_env_LIBS_set=
ac_cv_env_LIBS_value=
ac_cv_env_build_alias_set=
ac_cv_env_build_alias_value=
ac_cv_env_host_alias_set=
ac_cv_env_host_alias_value=
ac_cv_env_target_alias_set=
ac_cv_env_target_alias_value=
ac_cv_header_dlfcn_h=yes
ac_cv_header_inttypes_h=yes
ac_cv_header_jni_h=no
ac_cv_header_memory_h=yes
ac_cv_header_stdc=yes
ac_cv_header_stddef_h=yes
ac_cv_header_stdint_h=yes
ac_cv_header_stdio_h=yes
ac_cv_header_stdlib_h=yes
ac_cv_header_string_h=yes
ac_cv_header_strings_h=yes
ac_cv_header_sys_stat_h=yes
ac_cv_header_sys_types_h=yes
ac_cv_header_unistd_h=yes
ac_cv_host=i386-apple-darwin11.3.0
ac_cv_lib_dl_dlopen=yes
ac_cv_lib_jvm_JNI_GetCreatedJavaVMs=no
ac_cv_objext=o
ac_cv_path_EGREP='/usr/bin/grep -E'
ac_cv_path_FGREP='/usr/bin/grep -F'
ac_cv_path_GREP=/usr/bin/grep
ac_cv_path_SED=/usr/bin/sed
ac_cv_path_install='/usr/bin/install -c'
ac_cv_prog_AWK=awk
ac_cv_prog_CPP='gcc -E'
ac_cv_prog_ac_ct_AR=ar
ac_cv_prog_ac_ct_CC=gcc
ac_cv_prog_ac_ct_DSYMUTIL=dsymutil
ac_cv_prog_ac_ct_LIPO=lipo
ac_cv_prog_ac_ct_NMEDIT=nmedit
ac_cv_prog_ac_ct_OTOOL=otool
ac_cv_prog_ac_ct_RANLIB=ranlib
ac_cv_prog_ac_ct_STRIP=strip
ac_cv_prog_cc_c89=
ac_cv_prog_cc_g=yes
ac_cv_prog_make_make_set=yes
am_cv_CC_dependencies_compiler_type=gcc3
lt_cv_apple_cc_single_mod=yes
lt_cv_deplibs_check_method=pass_all
lt_cv_file_magic_cmd='$MAGIC_CMD'
lt_cv_file_magic_test_file=
lt_cv_ld_exported_symbols_list=yes
lt_cv_ld_force_load=yes
lt_cv_ld_reload_flag=-r
lt_cv_nm_interface='BSD nm'
lt_cv_objdir=.libs
lt_cv_path_LD=/usr/llvm-gcc-4.2/libexec/gcc/i686-apple-darwin11/4.2.1/ld
lt_cv_path_NM=/usr/bin/nm
lt_cv_prog_compiler_c_o=yes
lt_cv_prog_compiler_pic_works=yes
lt_cv_prog_compiler_rtti_exceptions=no
lt_cv_prog_compiler_static_works=no
lt_cv_prog_gnu_ld=no
lt_cv_sys_global_symbol_pipe='sed -n -e '\''s/^.*[	 ]\([BCDEGRST][BCDEGRST]*\)[	 ][	 ]*_\([_A-Za-z][_A-Za-z0-9]*\)$/\1 _\2 \2/p'\'''
lt_cv_sys_global_symbol_to_c_name_address='sed -n -e '\''s/^: \([^ ]*\) $/  {\"\1\", (void *) 0},/p'\'' -e '\''s/^[BCDEGRST]* \([^ ]*\) \([^ ]*\)$/  {"\2", (void *) \&\2},/p'\'''
lt_cv_sys_global_symbol_to_c_name_address_lib_prefix='sed -n -e '\''s/^: \([^ ]*\) $/  {\"\1\", (void *) 0},/p'\'' -e '\''s/^[BCDEGRST]* \([^ ]*\) \(lib[^ ]*\)$/  {"\2", (void *) \&\2},/p'\'' -e '\''s/^[BCDEGRST]* \([^ ]*\) \([^ ]*\)$/  {"lib\2", (void *) \&\2},/p'\'''
lt_cv_sys_global_symbol_to_cdecl='sed -n -e '\''s/^T .* \(.*\)$/extern int \1();/p'\'' -e '\''s/^[BCDEGRST]* .* \(.*\)$/extern char \1;/p'\'''
lt_cv_sys_max_cmd_len=196608

## ----------------- ##
## Output variables. ##
## ----------------- ##

ACLOCAL='${SHELL} /Users/pcalcado/soundcloud/extraction-unit/bananiser/lib/hadoop/src/native/config/missing --run aclocal-1.10'
AMDEPBACKSLASH='\'
AMDEP_FALSE='#'
AMDEP_TRUE=''
AMTAR='${SHELL} /Users/pcalcado/soundcloud/extraction-unit/bananiser/lib/hadoop/src/native/config/missing --run tar'
AR='ar'
AUTOCONF='${SHELL} /Users/pcalcado/soundcloud/extraction-unit/bananiser/lib/hadoop/src/native/config/missing --run autoconf'
AUTOHEADER='${SHELL} /Users/pcalcado/soundcloud/extraction-unit/bananiser/lib/hadoop/src/native/config/missing --run autoheader'
AUTOMAKE='${SHELL} /Users/pcalcado/soundcloud/extraction-unit/bananiser/lib/hadoop/src/native/config/missing --run automake-1.10'
AWK='awk'
CC='gcc'
CCDEPMODE='depmode=gcc3'
CFLAGS='-g -O2'
CPP='gcc -E'
CPPFLAGS='-I/usr/local/include '
CYGPATH_W='echo'
DEFS=''
DEPDIR='.deps'
DSYMUTIL='dsymutil'
DUMPBIN=''
ECHO_C='ECHO_N=''
ECHO_T=''
EGREP='/usr/bin/grep -E'
EXEEXT=''
FGREP='/usr/bin/grep -F'
GREP='/usr/bin/grep'
INSTALL_DATA='${INSTALL} -m 644'
INSTALL_PROGRAM='${INSTALL}'
INSTALL_SCRIPT='${INSTALL}'
INSTALL_STRIP_PROGRAM='$(install_sh) -c -s'
JNI_CPPFLAGS=''
JNI_LDFLAGS='-L/System/Library/Java/JavaVirtualMachines/1.6.0.jdk/Contents/Home/jre/lib/x86_64/server'
LD='/usr/llvm-gcc-4.2/libexec/gcc/i686-apple-darwin11/4.2.1/ld'
LDFLAGS='-L/usr/local/lib -L/System/Library/Java/JavaVirtualMachines/1.6.0.jdk/Contents/Home/jre/lib/x86_64/server'
LIBOBJS=''
LIBS='-ldl '
LIBTOOL='$(SHELL) $(top_builddir)/libtool'
LIPO='lipo'
LN_S='ln -s'
LTLIBOBJS=''
MAINT='#'
MAINTAINER_MODE_FALSE=''
MAINTAINER_MODE_TRUE='#'
MAKEINFO='${SHELL} /Users/pcalcado/soundcloud/extraction-unit/bananiser/lib/hadoop/src/native/config/missing --run makeinfo'
NM='/usr/bin/nm'
NMEDIT='nmedit'
OBJDUMP='false'
OBJEXT='o'
OTOOL64=':'
OTOOL='otool'
PACKAGE='hadoop'
PACKAGE_BUGREPORT=''
PACKAGE_NAME=''
PACKAGE_STRING=''
PACKAGE_TARNAME=''
PACKAGE_VERSION=''
PATH_SEPARATOR=':'
RANLIB='ranlib'
SED='/usr/bin/sed'
SET_MAKE=''
SHELL='/bin/sh'
STRIP='strip'
VERSION='1.0.0'
ac_ct_CC='gcc'
ac_ct_DUMPBIN=''
am__fastdepCC_FALSE='#'
am__fastdepCC_TRUE=''
am__include='include'
am__isrc=' -I$(srcdir)'
am__leading_dot='.'
am__quote=''
am__tar='${AMTAR} chof - "$$tardir"'
am__untar='${AMTAR} xf -'
bindir='${exec_prefix}/bin'
build='i386-apple-darwin11.3.0'
build_alias=''
build_cpu='i386'
build_os='darwin11.3.0'
build_vendor='apple'
datadir='${datarootdir}'
datarootdir='${prefix}/share'
docdir='${datarootdir}/doc/${PACKAGE}'
dvidir='${docdir}'
exec_prefix='NONE'
host='i386-apple-darwin11.3.0'
host_alias=''
host_cpu='i386'
host_os='darwin11.3.0'
host_vendor='apple'
htmldir='${docdir}'
includedir='${prefix}/include'
infodir='${datarootdir}/info'
install_sh='$(SHELL) /Users/pcalcado/soundcloud/extraction-unit/bananiser/lib/hadoop/src/native/config/install-sh'
libdir='${exec_prefix}/lib'
libexecdir='${exec_prefix}/libexec'
localedir='${datarootdir}/locale'
localstatedir='${prefix}/var'
mandir='${datarootdir}/man'
mkdir_p='/Users/pcalcado/soundcloud/extraction-unit/bananiser/lib/hadoop/src/native/config/install-sh -c -d'
oldincludedir='/usr/include'
pdfdir='${docdir}'
prefix='NONE'
program_transform_name='s,x,x,'
psdir='${docdir}'
sbindir='${exec_prefix}/sbin'
sharedstatedir='${prefix}/com'
sysconfdir='${prefix}/etc'
target_alias=''

## ----------- ##
## confdefs.h. ##
## ----------- ##

#define PACKAGE_NAME ""
#define PACKAGE_TARNAME ""
#define PACKAGE_VERSION ""
#define PACKAGE_STRING ""
#define PACKAGE_BUGREPORT ""
#define _GNU_SOURCE 1
#define PACKAGE "hadoop"
#define VERSION "1.0.0"
#define STDC_HEADERS 1
#define HAVE_SYS_TYPES_H 1
#define HAVE_SYS_STAT_H 1
#define HAVE_STDLIB_H 1
#define HAVE_STRING_H 1
#define HAVE_MEMORY_H 1
#define HAVE_STRINGS_H 1
#define HAVE_INTTYPES_H 1
#define HAVE_STDINT_H 1
#define HAVE_UNISTD_H 1
#define HAVE_DLFCN_H 1
#define LT_OBJDIR ".libs/"
#define HAVE_LIBDL 1
#define STDC_HEADERS 1
#define HAVE_STDIO_H 1
#define HAVE_STDDEF_H 1

configure: exit 1
